<?xml version="1.0" encoding="UTF-8"?>
<testsuites name="TestSuite1" time="12" tests="1" failures="0" errors="0">
   <testsuite name="TestSuite1" tests="1" failures="0" errors="0" time="12" timestamp="2019-02-28 13:45:01" hostname="lin.du - ITLAPTOPRLC295.rlcarriers.com" id="Test Suites/TestSuite1">
      <properties>
         <property name="deviceName" value=""/>
         <property name="devicePlatform" value=""/>
         <property name="logFolder" value="E:\\Katalon\\Tests\\Assignment\\Reports\\TestSuite1\\20190228_134457"/>
         <property name="logFiles" value="E:\\Katalon\\Tests\\Assignment\\Reports\\TestSuite1\\20190228_134457\\execution0.log"/>
         <property name="attachments" value=""/>
         <property name="hostName" value="lin.du - ITLAPTOPRLC295.rlcarriers.com"/>
         <property name="os" value="Windows 7 64bit"/>
         <property name="katalonVersion" value="5.10.1.1"/>
         <property name="browser" value="Chrome 72.0.3626.119"/>
         <property name="hostAddress" value="10.62.104.56"/>
         <property name="sessionId" value="179f2ab54f671a5baa9ec9e39e457fc5"/>
         <property name="seleniumVersion" value="3.7.1"/>
         <property name="proxyInformation" value="ProxyInformation{proxyOption=NO_PROXY, proxyServerType=HTTP, password=, proxyServerAddress=, proxyServerPort=0}"/>
         <property name="platform" value="Windows 7"/>
      </properties>
      <testcase name="Test Cases/Test1" classname="Test Cases/Test1" status="PASSED">
         <system-out><![CDATA[2019-02-28 13:45:01 - [TEST_CASE][PASSED] - Test Cases/Test1: Test Cases/Test1

2019-02-28 13:45:02 - [TEST_STEP][PASSED] - openBrowser(""): Browser is opened with url: ''

2019-02-28 13:45:02 - [MESSAGE][INFO] - Starting 'Chrome' driver

2019-02-28 13:45:02 - [MESSAGE][INFO] - Action delay is set to 0 seconds

2019-02-28 13:45:07 - [MESSAGE][PASSED] - Browser is opened with url: ''

2019-02-28 13:45:07 - [TEST_STEP][PASSED] - navigateToUrl("https://opensource-demo.orangehrmlive.com/login"): Navigate to 'https://opensource-demo.orangehrmlive.com/login' successfully

2019-02-28 13:45:09 - [MESSAGE][PASSED] - Navigate to 'https://opensource-demo.orangehrmlive.com/login' successfully

2019-02-28 13:45:09 - [TEST_STEP][PASSED] - setText(findTestObject("Object Repository/Page_OrangeHRM/input_LOGIN Panel_txtUsername"), "Admin"): Text 'Admin' is set on object 'Object Repository/Page_OrangeHRM/input_LOGIN Panel_txtUsername'

2019-02-28 13:45:09 - [MESSAGE][PASSED] - Text 'Admin' is set on object 'Object Repository/Page_OrangeHRM/input_LOGIN Panel_txtUsername'

2019-02-28 13:45:09 - [TEST_STEP][PASSED] - setEncryptedText(findTestObject("Object Repository/Page_OrangeHRM/input_Username_txtPassword"), "hUKwJTbofgPU9eVlw/CnDQ=="): Text ****** has been set on object 'Object Repository/Page_OrangeHRM/input_Username_txtPassword'

2019-02-28 13:45:09 - [MESSAGE][PASSED] - Text ****** has been set on object 'Object Repository/Page_OrangeHRM/input_Username_txtPassword'

2019-02-28 13:45:09 - [TEST_STEP][PASSED] - click(findTestObject("Object Repository/Page_OrangeHRM/input_Password_Submit")): Object: 'Object Repository/Page_OrangeHRM/input_Password_Submit' is clicked on

2019-02-28 13:45:12 - [MESSAGE][PASSED] - Object: 'Object Repository/Page_OrangeHRM/input_Password_Submit' is clicked on

2019-02-28 13:45:12 - [TEST_STEP][PASSED] - click(findTestObject("Object Repository/Page_OrangeHRM/a_Welcome Admin")): Object: 'Object Repository/Page_OrangeHRM/a_Welcome Admin' is clicked on

2019-02-28 13:45:12 - [MESSAGE][PASSED] - Object: 'Object Repository/Page_OrangeHRM/a_Welcome Admin' is clicked on

2019-02-28 13:45:12 - [TEST_STEP][PASSED] - verifyElementClickable(findTestObject("Page_OrangeHRM/a_Logout")): Object 'Object Repository/Page_OrangeHRM/a_Logout' is clickable

2019-02-28 13:45:12 - [MESSAGE][PASSED] - Object 'Object Repository/Page_OrangeHRM/a_Logout' is clickable

2019-02-28 13:45:12 - [TEST_STEP][PASSED] - click(findTestObject("Object Repository/Page_OrangeHRM/a_Logout")): Object: 'Object Repository/Page_OrangeHRM/a_Logout' is clicked on

2019-02-28 13:45:12 - [MESSAGE][PASSED] - Object: 'Object Repository/Page_OrangeHRM/a_Logout' is clicked on

2019-02-28 13:45:12 - [TEST_STEP][PASSED] - closeBrowser(): Browser is closed

2019-02-28 13:45:13 - [MESSAGE][PASSED] - Browser is closed]]></system-out>
         <system-err><![CDATA[]]></system-err>
      </testcase>
      <system-out><![CDATA[2019-02-28 13:45:01 - [TEST_SUITE][PASSED] - TestSuite1: Test Cases/Test1]]></system-out>
      <system-err><![CDATA[]]></system-err>
   </testsuite>
</testsuites>
